<?xml version="1.0" encoding="UTF-8"?>
<testsuite name="ReversePolishNotationCalculatorTest" tests="1" skipped="0" failures="0" errors="0" timestamp="2023-01-01T10:04:23" hostname="IVANDR-TAICHI" time="0.011">
  <properties/>
  <testcase name="shouldCalculateAddition()" classname="ReversePolishNotationCalculatorTest" time="0.011"/>
  <system-out><![CDATA[]]></system-out>
  <system-err><![CDATA[]]></system-err>
</testsuite>
